18 февр. 2024 - 12:50:49.060 INFO  com.example.KunUz1Application - Starting KunUz1Application using Java 21.0.1 with PID 7912 (C:\Users\Aslbek\Desktop\kun.uz\target\classes started by Aslbek in C:\Users\Aslbek\Desktop\kun.uz)
18 февр. 2024 - 12:50:49.080 DEBUG com.example.KunUz1Application - Running with Spring Boot v3.2.2, Spring v6.1.3
18 февр. 2024 - 12:50:49.080 INFO  com.example.KunUz1Application - The following 1 profile is active: "dev"
18 февр. 2024 - 12:50:49.707 INFO  o.s.d.r.c.RepositoryConfigurationDelegate - Bootstrapping Spring Data JPA repositories in DEFAULT mode.
18 февр. 2024 - 12:50:49.759 INFO  o.s.d.r.c.RepositoryConfigurationDelegate - Finished Spring Data repository scanning in 45 ms. Found 12 JPA repository interfaces.
18 февр. 2024 - 12:50:50.186 INFO  o.s.b.w.e.tomcat.TomcatWebServer - Tomcat initialized with port 8080 (http)
18 февр. 2024 - 12:50:50.195 INFO  o.a.catalina.core.StandardService - Starting service [Tomcat]
18 февр. 2024 - 12:50:50.195 INFO  o.a.catalina.core.StandardEngine - Starting Servlet engine: [Apache Tomcat/10.1.18]
18 февр. 2024 - 12:50:50.238 INFO  o.a.c.c.C.[Tomcat].[localhost].[/] - Initializing Spring embedded WebApplicationContext
18 февр. 2024 - 12:50:50.238 INFO  o.s.b.w.s.c.ServletWebServerApplicationContext - Root WebApplicationContext: initialization completed in 1122 ms
18 февр. 2024 - 12:50:50.285 INFO  com.zaxxer.hikari.HikariDataSource - HikariPool-1 - Starting...
18 февр. 2024 - 12:50:50.508 INFO  com.zaxxer.hikari.pool.HikariPool - HikariPool-1 - Added connection org.postgresql.jdbc.PgConnection@36d582cb
18 февр. 2024 - 12:50:50.509 INFO  com.zaxxer.hikari.HikariDataSource - HikariPool-1 - Start completed.
18 февр. 2024 - 12:50:50.572 INFO  o.h.jpa.internal.util.LogHelper - HHH000204: Processing PersistenceUnitInfo [name: default]
18 февр. 2024 - 12:50:50.608 INFO  org.hibernate.Version - HHH000412: Hibernate ORM core version 6.4.1.Final
18 февр. 2024 - 12:50:50.634 INFO  o.h.c.i.RegionFactoryInitiator - HHH000026: Second-level cache disabled
18 февр. 2024 - 12:50:50.799 INFO  o.s.o.j.p.SpringPersistenceUnitInfo - No LoadTimeWeaver setup: ignoring JPA class transformer
18 февр. 2024 - 12:50:51.571 INFO  o.h.e.t.j.p.i.JtaPlatformInitiator - HHH000489: No JTA platform available (set 'hibernate.transaction.jta.platform' to enable JTA platform integration)
18 февр. 2024 - 12:50:51.687 INFO  o.s.o.j.LocalContainerEntityManagerFactoryBean - Initialized JPA EntityManagerFactory for persistence unit 'default'
18 февр. 2024 - 12:50:51.867 INFO  o.s.d.j.r.query.QueryEnhancerFactory - Hibernate is in classpath; If applicable, HQL parser will be used.
18 февр. 2024 - 12:50:52.158 DEBUG com.example.config.JwtTokenFilter - Filter 'jwtTokenFilter' configured for use
18 февр. 2024 - 12:50:52.548 WARN  o.s.b.a.o.j.JpaBaseConfiguration$JpaWebConfiguration - spring.jpa.open-in-view is enabled by default. Therefore, database queries may be performed during view rendering. Explicitly configure spring.jpa.open-in-view to disable this warning
18 февр. 2024 - 12:50:52.798 INFO  o.s.s.web.DefaultSecurityFilterChain - Will secure any request with [org.springframework.security.web.session.DisableEncodeUrlFilter@23216e17, org.springframework.security.web.context.request.async.WebAsyncManagerIntegrationFilter@679864e0, org.springframework.security.web.context.SecurityContextHolderFilter@4f34f451, org.springframework.security.web.header.HeaderWriterFilter@3b0305dd, org.springframework.security.web.authentication.logout.LogoutFilter@7fd4682, com.example.config.JwtTokenFilter@3647b274, org.springframework.security.web.savedrequest.RequestCacheAwareFilter@8611b3f, org.springframework.security.web.servletapi.SecurityContextHolderAwareRequestFilter@f0a6b04, org.springframework.security.web.authentication.AnonymousAuthenticationFilter@629e9957, org.springframework.security.web.access.ExceptionTranslationFilter@76b93bb9, org.springframework.security.web.access.intercept.AuthorizationFilter@3396d2a6]
18 февр. 2024 - 12:50:53.071 INFO  o.s.b.w.e.tomcat.TomcatWebServer - Tomcat started on port 8080 (http) with context path ''
18 февр. 2024 - 12:50:53.078 INFO  com.example.KunUz1Application - Started KunUz1Application in 4.36 seconds (process running for 4.833)
18 февр. 2024 - 12:50:53.124 INFO  o.f.c.i.license.VersionPrinter - Flyway Community Edition 9.22.3 by Redgate
18 февр. 2024 - 12:50:53.124 INFO  o.f.c.i.license.VersionPrinter - See release notes here: https://rd.gt/416ObMi
18 февр. 2024 - 12:50:53.125 INFO  o.f.c.i.license.VersionPrinter - 
18 февр. 2024 - 12:50:53.134 INFO  org.flywaydb.core.FlywayExecutor - Database: jdbc:postgresql://localhost:5432/kun_uz (PostgreSQL 14.1)
18 февр. 2024 - 12:50:53.159 INFO  o.f.core.internal.command.DbValidate - Successfully validated 5 migrations (execution time 00:00.015s)
18 февр. 2024 - 12:50:53.165 INFO  o.f.core.internal.command.DbMigrate - Current version of schema "public": 4
18 февр. 2024 - 12:50:53.168 INFO  o.f.core.internal.command.DbMigrate - Schema "public" is up to date. No migration necessary.
18 февр. 2024 - 12:51:37.920 INFO  o.s.o.j.LocalContainerEntityManagerFactoryBean - Closing JPA EntityManagerFactory for persistence unit 'default'
18 февр. 2024 - 12:51:37.922 INFO  com.zaxxer.hikari.HikariDataSource - HikariPool-1 - Shutdown initiated...
18 февр. 2024 - 12:51:37.924 INFO  com.zaxxer.hikari.HikariDataSource - HikariPool-1 - Shutdown completed.
18 февр. 2024 - 12:51:41.795 INFO  com.example.KunUz1Application - Starting KunUz1Application using Java 21.0.1 with PID 10356 (C:\Users\Aslbek\Desktop\kun.uz\target\classes started by Aslbek in C:\Users\Aslbek\Desktop\kun.uz)
18 февр. 2024 - 12:51:41.804 DEBUG com.example.KunUz1Application - Running with Spring Boot v3.2.2, Spring v6.1.3
18 февр. 2024 - 12:51:41.805 INFO  com.example.KunUz1Application - The following 1 profile is active: "dev"
18 февр. 2024 - 12:51:42.324 INFO  o.s.d.r.c.RepositoryConfigurationDelegate - Bootstrapping Spring Data JPA repositories in DEFAULT mode.
18 февр. 2024 - 12:51:42.374 INFO  o.s.d.r.c.RepositoryConfigurationDelegate - Finished Spring Data repository scanning in 46 ms. Found 12 JPA repository interfaces.
18 февр. 2024 - 12:51:42.744 INFO  o.s.b.w.e.tomcat.TomcatWebServer - Tomcat initialized with port 8080 (http)
18 февр. 2024 - 12:51:42.752 INFO  o.a.catalina.core.StandardService - Starting service [Tomcat]
18 февр. 2024 - 12:51:42.752 INFO  o.a.catalina.core.StandardEngine - Starting Servlet engine: [Apache Tomcat/10.1.18]
18 февр. 2024 - 12:51:42.788 INFO  o.a.c.c.C.[Tomcat].[localhost].[/] - Initializing Spring embedded WebApplicationContext
18 февр. 2024 - 12:51:42.788 INFO  o.s.b.w.s.c.ServletWebServerApplicationContext - Root WebApplicationContext: initialization completed in 957 ms
18 февр. 2024 - 12:51:42.827 INFO  com.zaxxer.hikari.HikariDataSource - HikariPool-1 - Starting...
18 февр. 2024 - 12:51:42.939 INFO  com.zaxxer.hikari.pool.HikariPool - HikariPool-1 - Added connection org.postgresql.jdbc.PgConnection@5e193ef5
18 февр. 2024 - 12:51:42.940 INFO  com.zaxxer.hikari.HikariDataSource - HikariPool-1 - Start completed.
18 февр. 2024 - 12:51:43.006 INFO  o.h.jpa.internal.util.LogHelper - HHH000204: Processing PersistenceUnitInfo [name: default]
18 февр. 2024 - 12:51:43.043 INFO  org.hibernate.Version - HHH000412: Hibernate ORM core version 6.4.1.Final
18 февр. 2024 - 12:51:43.067 INFO  o.h.c.i.RegionFactoryInitiator - HHH000026: Second-level cache disabled
18 февр. 2024 - 12:51:43.218 INFO  o.s.o.j.p.SpringPersistenceUnitInfo - No LoadTimeWeaver setup: ignoring JPA class transformer
18 февр. 2024 - 12:51:43.963 INFO  o.h.e.t.j.p.i.JtaPlatformInitiator - HHH000489: No JTA platform available (set 'hibernate.transaction.jta.platform' to enable JTA platform integration)
18 февр. 2024 - 12:51:44.072 INFO  o.s.o.j.LocalContainerEntityManagerFactoryBean - Initialized JPA EntityManagerFactory for persistence unit 'default'
18 февр. 2024 - 12:51:44.252 INFO  o.s.d.j.r.query.QueryEnhancerFactory - Hibernate is in classpath; If applicable, HQL parser will be used.
18 февр. 2024 - 12:51:44.532 DEBUG com.example.config.JwtTokenFilter - Filter 'jwtTokenFilter' configured for use
18 февр. 2024 - 12:51:44.906 WARN  o.s.b.a.o.j.JpaBaseConfiguration$JpaWebConfiguration - spring.jpa.open-in-view is enabled by default. Therefore, database queries may be performed during view rendering. Explicitly configure spring.jpa.open-in-view to disable this warning
18 февр. 2024 - 12:51:45.141 INFO  o.s.s.web.DefaultSecurityFilterChain - Will secure any request with [org.springframework.security.web.session.DisableEncodeUrlFilter@4b9be679, org.springframework.security.web.context.request.async.WebAsyncManagerIntegrationFilter@45e97963, org.springframework.security.web.context.SecurityContextHolderFilter@56e32a23, org.springframework.security.web.header.HeaderWriterFilter@138a8c9e, org.springframework.security.web.authentication.logout.LogoutFilter@5a1f4fa4, com.example.config.JwtTokenFilter@472d7f34, org.springframework.security.web.savedrequest.RequestCacheAwareFilter@1b0db8b1, org.springframework.security.web.servletapi.SecurityContextHolderAwareRequestFilter@74cf0dd9, org.springframework.security.web.authentication.AnonymousAuthenticationFilter@768dcd21, org.springframework.security.web.access.ExceptionTranslationFilter@f6b85c3, org.springframework.security.web.access.intercept.AuthorizationFilter@490f4b14]
18 февр. 2024 - 12:51:45.402 INFO  o.s.b.w.e.tomcat.TomcatWebServer - Tomcat started on port 8080 (http) with context path ''
18 февр. 2024 - 12:51:45.408 INFO  com.example.KunUz1Application - Started KunUz1Application in 3.886 seconds (process running for 4.289)
18 февр. 2024 - 12:51:45.446 INFO  o.f.c.i.license.VersionPrinter - Flyway Community Edition 9.22.3 by Redgate
18 февр. 2024 - 12:51:45.446 INFO  o.f.c.i.license.VersionPrinter - See release notes here: https://rd.gt/416ObMi
18 февр. 2024 - 12:51:45.446 INFO  o.f.c.i.license.VersionPrinter - 
18 февр. 2024 - 12:51:45.455 INFO  org.flywaydb.core.FlywayExecutor - Database: jdbc:postgresql://localhost:5432/kun_uz (PostgreSQL 14.1)
18 февр. 2024 - 12:51:45.476 INFO  o.f.core.internal.command.DbValidate - Successfully validated 5 migrations (execution time 00:00.013s)
18 февр. 2024 - 12:51:45.482 INFO  o.f.core.internal.command.DbMigrate - Current version of schema "public": 4
18 февр. 2024 - 12:51:45.484 INFO  o.f.core.internal.command.DbMigrate - Schema "public" is up to date. No migration necessary.
18 февр. 2024 - 12:52:42.998 INFO  o.s.o.j.LocalContainerEntityManagerFactoryBean - Closing JPA EntityManagerFactory for persistence unit 'default'
18 февр. 2024 - 12:52:42.999 INFO  com.zaxxer.hikari.HikariDataSource - HikariPool-1 - Shutdown initiated...
18 февр. 2024 - 12:52:43.001 INFO  com.zaxxer.hikari.HikariDataSource - HikariPool-1 - Shutdown completed.
